<?xml version="1.0" encoding="UTF-8"?>
<!-- Generated by org.testng.reporters.JUnitXMLReporter -->
<testsuite ignored="0" hostname="DESKTOP-VS3MLQ4" failures="0" tests="3" name="Test" time="12.84" errors="0" timestamp="2021-02-08T17:21:07 IST">
  <testcase classname="selenium.ValidateTitle" name="VerifyTitle" time="2.073"/>
  <testcase classname="selenium.ValidateTitle" name="VerifyHeader" time="0.036"/>
  <testcase classname="selenium.ValidateTitle" name="GetAllLinks" time="1.961"/>
</testsuite> <!-- Test -->
