<?xml version="1.0" encoding="UTF-8"?>
<testng-results ignored="0" total="5" passed="5" failed="0" skipped="0">
  <reporter-output>
  </reporter-output>
  <suite started-at="2021-02-08T17:20:54 IST" name="Suite" finished-at="2021-02-08T17:21:19 IST" duration-ms="25522">
    <groups>
    </groups>
    <test started-at="2021-02-08T17:20:54 IST" name="Test" finished-at="2021-02-08T17:21:07 IST" duration-ms="12840">
      <class name="selenium.ValidateTitle">
        <test-method is-config="true" signature="initialise()[pri:0, instance:selenium.ValidateTitle@2a2da905]" started-at="2021-02-08T17:20:54 IST" name="initialise" finished-at="2021-02-08T17:21:02 IST" duration-ms="8442" status="PASS">
          <reporter-output>
          </reporter-output>
        </test-method> <!-- initialise -->
        <test-method signature="VerifyTitle()[pri:1, instance:selenium.ValidateTitle@2a2da905]" started-at="2021-02-08T17:21:02 IST" name="VerifyTitle" finished-at="2021-02-08T17:21:04 IST" duration-ms="2073" status="PASS">
          <reporter-output>
          </reporter-output>
        </test-method> <!-- VerifyTitle -->
        <test-method signature="VerifyHeader()[pri:2, instance:selenium.ValidateTitle@2a2da905]" started-at="2021-02-08T17:21:04 IST" name="VerifyHeader" finished-at="2021-02-08T17:21:04 IST" duration-ms="36" status="PASS">
          <reporter-output>
          </reporter-output>
        </test-method> <!-- VerifyHeader -->
        <test-method signature="GetAllLinks()[pri:3, instance:selenium.ValidateTitle@2a2da905]" started-at="2021-02-08T17:21:04 IST" name="GetAllLinks" finished-at="2021-02-08T17:21:06 IST" duration-ms="1961" status="PASS">
          <reporter-output>
          </reporter-output>
        </test-method> <!-- GetAllLinks -->
        <test-method is-config="true" signature="tearDown()[pri:0, instance:selenium.ValidateTitle@2a2da905]" started-at="2021-02-08T17:21:06 IST" name="tearDown" finished-at="2021-02-08T17:21:07 IST" duration-ms="267" status="PASS">
          <reporter-output>
          </reporter-output>
        </test-method> <!-- tearDown -->
      </class> <!-- selenium.ValidateTitle -->
    </test> <!-- Test -->
    <test started-at="2021-02-08T17:21:07 IST" name="Test1" finished-at="2021-02-08T17:21:19 IST" duration-ms="12019">
      <class name="selenium.HomePageTest">
        <test-method is-config="true" signature="initialise()[pri:0, instance:selenium.HomePageTest@5fe8b721]" started-at="2021-02-08T17:21:07 IST" name="initialise" finished-at="2021-02-08T17:21:09 IST" duration-ms="1601" status="PASS">
          <reporter-output>
          </reporter-output>
        </test-method> <!-- initialise -->
        <test-method signature="testPageNavigation(java.lang.String, java.lang.String)[pri:0, instance:selenium.HomePageTest@5fe8b721]" started-at="2021-02-08T17:21:09 IST" name="testPageNavigation" data-provider="loginData" finished-at="2021-02-08T17:21:15 IST" duration-ms="6147" status="PASS">
          <params>
            <param index="0">
              <value>
                <![CDATA[nimmagaddaushakiran@gmai.com]]>
              </value>
            </param>
            <param index="1">
              <value>
                <![CDATA[ushaprasad3]]>
              </value>
            </param>
          </params>
          <reporter-output>
          </reporter-output>
        </test-method> <!-- testPageNavigation -->
        <test-method signature="testPageNavigation(java.lang.String, java.lang.String)[pri:0, instance:selenium.HomePageTest@5fe8b721]" started-at="2021-02-08T17:21:15 IST" name="testPageNavigation" data-provider="loginData" finished-at="2021-02-08T17:21:19 IST" duration-ms="4144" status="PASS">
          <params>
            <param index="0">
              <value>
                <![CDATA[nimmagaddaushakiran@gmail.com]]>
              </value>
            </param>
            <param index="1">
              <value>
                <![CDATA[ushaprasad3]]>
              </value>
            </param>
          </params>
          <reporter-output>
          </reporter-output>
        </test-method> <!-- testPageNavigation -->
        <test-method is-config="true" signature="tearDown()[pri:0, instance:selenium.HomePageTest@5fe8b721]" started-at="2021-02-08T17:21:19 IST" name="tearDown" finished-at="2021-02-08T17:21:19 IST" duration-ms="111" status="PASS">
          <reporter-output>
          </reporter-output>
        </test-method> <!-- tearDown -->
      </class> <!-- selenium.HomePageTest -->
    </test> <!-- Test1 -->
  </suite> <!-- Suite -->
</testng-results>
